

 LOG file opened at 11/30/17 22:01:23

KUP-05004:   Warning: Intra source concurrency disabled because parallel select was not requested.

Field Definitions for table EXT_SELLERS
  Record format DELIMITED BY NEWLINE
  Data in file has same endianness as the platform
  Rows with all null fields are accepted

  Fields in Data Source: 

    CC_NUMBER                       CHAR (255)
      Terminated by ","
      Trim whitespace same as SQL Loader
    FIRST_NAME                      CHAR (255)
      Terminated by ","
      Trim whitespace same as SQL Loader
    LAST_NAME                       CHAR (255)
      Terminated by ","
      Trim whitespace same as SQL Loader
    GENDER                          CHAR (255)
      Terminated by ","
      Trim whitespace same as SQL Loader
    AGE                             CHAR (255)
      Terminated by ","
      Trim whitespace same as SQL Loader
    EMAIL                           CHAR (255)
      Terminated by ","
      Trim whitespace same as SQL Loader
    PHONE                           CHAR (255)
      Terminated by ","
      Trim whitespace same as SQL Loader
    ADDRESS                         CHAR (255)
      Terminated by ","
      Trim whitespace same as SQL Loader
    CITY                            CHAR (255)
      Terminated by ","
      Trim whitespace same as SQL Loader
    START_DT                        CHAR (255)
      Terminated by ","
      Trim whitespace same as SQL Loader
    END_DT                          CHAR (255)
      Terminated by ","
      Trim whitespace same as SQL Loader
    IS_ACTIVE                       CHAR (255)
      Terminated by ","
      Trim whitespace same as SQL Loader
error processing column AGE in row 1 for datafile /media/sf_Aksana_Kuratnik/sellers.csv
ORA-01722: invalid number

Date Cache Statistics for table EXT_SELLERS
  Max Size:      1000
  Entries :        28
  Hits    :        72
  Misses  :         0

