

 LOG file opened at 11/21/17 09:54:06

KUP-05004:   Warning: Intra source concurrency disabled because parallel select was not requested.

Field Definitions for table EXT_CUSTOMERS
  Record format DELIMITED BY NEWLINE
  Data in file has same endianness as the platform
  Rows with all null fields are accepted

  Fields in Data Source: 

    PASSPORT_NUMBER                 CHAR (800)
      Terminated by ","
      Trim whitespace same as SQL Loader
    FIRST_NAME                      CHAR (800)
      Terminated by ","
      Trim whitespace same as SQL Loader
    LAST_NAME                       CHAR (800)
      Terminated by ","
      Trim whitespace same as SQL Loader
    GENDER                          CHAR (800)
      Terminated by ","
      Trim whitespace same as SQL Loader
    AGE                             CHAR (255)
      Terminated by ","
      Trim whitespace same as SQL Loader
    EMAIL                           CHAR (800)
      Terminated by ","
      Trim whitespace same as SQL Loader
    PHONE                           CHAR (800)
      Terminated by ","
      Trim whitespace same as SQL Loader
    ADDRESS                         CHAR (800)
      Terminated by ","
      Trim whitespace same as SQL Loader
    CITY                            CHAR (800)
      Terminated by ","
      Trim whitespace same as SQL Loader
    COUNTRY_CODE                    CHAR (800)
      Terminated by ","
      Trim whitespace same as SQL Loader
    COUNTRY                         CHAR (800)
      Terminated by ","
      Trim whitespace same as SQL Loader
    IS_ACTIVE                       CHAR (800)
      Terminated by ","
      Trim whitespace same as SQL Loader
error processing column AGE in row 1 for datafile /media/sf_Valeryia_Lupanava/Project/dwso/sa_src/sources/customers/customers_1.csv
ORA-01722: invalid number
error processing column AGE in row 1 for datafile /media/sf_Valeryia_Lupanava/Project/dwso/sa_src/sources/customers/customers_2.csv
ORA-01722: invalid number
error processing column AGE in row 1 for datafile /media/sf_Valeryia_Lupanava/Project/dwso/sa_src/sources/customers/customers_3.csv
ORA-01722: invalid number
error processing column AGE in row 1 for datafile /media/sf_Valeryia_Lupanava/Project/dwso/sa_src/sources/customers/customers_4.csv
ORA-01722: invalid number
error processing column AGE in row 1 for datafile /media/sf_Valeryia_Lupanava/Project/dwso/sa_src/sources/customers/customers_5.csv
ORA-01722: invalid number
error processing column AGE in row 1 for datafile /media/sf_Valeryia_Lupanava/Project/dwso/sa_src/sources/customers/customers_6.csv
ORA-01722: invalid number
error processing column AGE in row 1 for datafile /media/sf_Valeryia_Lupanava/Project/dwso/sa_src/sources/customers/customers_7.csv
ORA-01722: invalid number
error processing column AGE in row 1 for datafile /media/sf_Valeryia_Lupanava/Project/dwso/sa_src/sources/customers/customers_8.csv
ORA-01722: invalid number
error processing column AGE in row 1 for datafile /media/sf_Valeryia_Lupanava/Project/dwso/sa_src/sources/customers/customers_9.csv
ORA-01722: invalid number
error processing column AGE in row 1 for datafile /media/sf_Valeryia_Lupanava/Project/dwso/sa_src/sources/customers/customers_10.csv
ORA-01722: invalid number
error processing column AGE in row 1 for datafile /media/sf_Valeryia_Lupanava/Project/dwso/sa_src/sources/customers/customers_11.csv
ORA-01722: invalid number
error processing column AGE in row 1 for datafile /media/sf_Valeryia_Lupanava/Project/dwso/sa_src/sources/customers/customers_12.csv
ORA-01722: invalid number
error processing column AGE in row 1 for datafile /media/sf_Valeryia_Lupanava/Project/dwso/sa_src/sources/customers/customers_13.csv
ORA-01722: invalid number
error processing column AGE in row 1 for datafile /media/sf_Valeryia_Lupanava/Project/dwso/sa_src/sources/customers/customers_14.csv
ORA-01722: invalid number
error processing column AGE in row 1 for datafile /media/sf_Valeryia_Lupanava/Project/dwso/sa_src/sources/customers/customers_15.csv
ORA-01722: invalid number
error processing column AGE in row 1 for datafile /media/sf_Valeryia_Lupanava/Project/dwso/sa_src/sources/customers/customers_16.csv
ORA-01722: invalid number
error processing column AGE in row 1 for datafile /media/sf_Valeryia_Lupanava/Project/dwso/sa_src/sources/customers/customers_17.csv
ORA-01722: invalid number
error processing column AGE in row 1 for datafile /media/sf_Valeryia_Lupanava/Project/dwso/sa_src/sources/customers/customers_18.csv
ORA-01722: invalid number
error processing column AGE in row 1 for datafile /media/sf_Valeryia_Lupanava/Project/dwso/sa_src/sources/customers/customers_19.csv
ORA-01722: invalid number
error processing column AGE in row 1 for datafile /media/sf_Valeryia_Lupanava/Project/dwso/sa_src/sources/customers/customers_20.csv
ORA-01722: invalid number
error processing column AGE in row 1 for datafile /media/sf_Valeryia_Lupanava/Project/dwso/sa_src/sources/customers/customers_21.csv
ORA-01722: invalid number
error processing column AGE in row 1 for datafile /media/sf_Valeryia_Lupanava/Project/dwso/sa_src/sources/customers/customers_22.csv
ORA-01722: invalid number
error processing column AGE in row 1 for datafile /media/sf_Valeryia_Lupanava/Project/dwso/sa_src/sources/customers/customers_23.csv
ORA-01722: invalid number
error processing column AGE in row 1 for datafile /media/sf_Valeryia_Lupanava/Project/dwso/sa_src/sources/customers/customers_24.csv
ORA-01722: invalid number
error processing column AGE in row 1 for datafile /media/sf_Valeryia_Lupanava/Project/dwso/sa_src/sources/customers/customers_25.csv
ORA-01722: invalid number
error processing column AGE in row 1 for datafile /media/sf_Valeryia_Lupanava/Project/dwso/sa_src/sources/customers/customers_26.csv
ORA-01722: invalid number
error processing column AGE in row 1 for datafile /media/sf_Valeryia_Lupanava/Project/dwso/sa_src/sources/customers/customers_27.csv
ORA-01722: invalid number
error processing column AGE in row 1 for datafile /media/sf_Valeryia_Lupanava/Project/dwso/sa_src/sources/customers/customers_28.csv
ORA-01722: invalid number
error processing column AGE in row 1 for datafile /media/sf_Valeryia_Lupanava/Project/dwso/sa_src/sources/customers/customers_29.csv
ORA-01722: invalid number
error processing column AGE in row 1 for datafile /media/sf_Valeryia_Lupanava/Project/dwso/sa_src/sources/customers/customers_30.csv
ORA-01722: invalid number
error processing column AGE in row 1 for datafile /media/sf_Valeryia_Lupanava/Project/dwso/sa_src/sources/customers/customers_31.csv
ORA-01722: invalid number
error processing column AGE in row 1 for datafile /media/sf_Valeryia_Lupanava/Project/dwso/sa_src/sources/customers/customers_32.csv
ORA-01722: invalid number
error processing column AGE in row 1 for datafile /media/sf_Valeryia_Lupanava/Project/dwso/sa_src/sources/customers/customers_33.csv
ORA-01722: invalid number
error processing column AGE in row 1 for datafile /media/sf_Valeryia_Lupanava/Project/dwso/sa_src/sources/customers/customers_34.csv
ORA-01722: invalid number
error processing column AGE in row 1 for datafile /media/sf_Valeryia_Lupanava/Project/dwso/sa_src/sources/customers/customers_35.csv
ORA-01722: invalid number
error processing column AGE in row 1 for datafile /media/sf_Valeryia_Lupanava/Project/dwso/sa_src/sources/customers/customers_36.csv
ORA-01722: invalid number
error processing column AGE in row 1 for datafile /media/sf_Valeryia_Lupanava/Project/dwso/sa_src/sources/customers/customers_37.csv
ORA-01722: invalid number
error processing column AGE in row 1 for datafile /media/sf_Valeryia_Lupanava/Project/dwso/sa_src/sources/customers/customers_38.csv
ORA-01722: invalid number
error processing column AGE in row 1 for datafile /media/sf_Valeryia_Lupanava/Project/dwso/sa_src/sources/customers/customers_39.csv
ORA-01722: invalid number
error processing column AGE in row 1 for datafile /media/sf_Valeryia_Lupanava/Project/dwso/sa_src/sources/customers/customers_40.csv
ORA-01722: invalid number
error processing column AGE in row 1 for datafile /media/sf_Valeryia_Lupanava/Project/dwso/sa_src/sources/customers/customers_41.csv
ORA-01722: invalid number
error processing column AGE in row 1 for datafile /media/sf_Valeryia_Lupanava/Project/dwso/sa_src/sources/customers/customers_42.csv
ORA-01722: invalid number
error processing column AGE in row 1 for datafile /media/sf_Valeryia_Lupanava/Project/dwso/sa_src/sources/customers/customers_43.csv
ORA-01722: invalid number
error processing column AGE in row 1 for datafile /media/sf_Valeryia_Lupanava/Project/dwso/sa_src/sources/customers/customers_44.csv
ORA-01722: invalid number
error processing column AGE in row 1 for datafile /media/sf_Valeryia_Lupanava/Project/dwso/sa_src/sources/customers/customers_45.csv
ORA-01722: invalid number
error processing column AGE in row 1 for datafile /media/sf_Valeryia_Lupanava/Project/dwso/sa_src/sources/customers/customers_46.csv
ORA-01722: invalid number
error processing column AGE in row 1 for datafile /media/sf_Valeryia_Lupanava/Project/dwso/sa_src/sources/customers/customers_47.csv
ORA-01722: invalid number
error processing column AGE in row 1 for datafile /media/sf_Valeryia_Lupanava/Project/dwso/sa_src/sources/customers/customers_48.csv
ORA-01722: invalid number
error processing column AGE in row 1 for datafile /media/sf_Valeryia_Lupanava/Project/dwso/sa_src/sources/customers/customers_49.csv
ORA-01722: invalid number
error processing column AGE in row 1 for datafile /media/sf_Valeryia_Lupanava/Project/dwso/sa_src/sources/customers/customers_50.csv
ORA-01722: invalid number


 LOG file opened at 11/21/17 09:53:37

KUP-05004:   Warning: Intra source concurrency disabled because parallel select was not requested.

Field Definitions for table EXT_CUSTOMERS
  Record format DELIMITED BY NEWLINE
  Data in file has same endianness as the platform
  Rows with all null fields are accepted

  Fields in Data Source: 

    PASSPORT_NUMBER                 CHAR (800)
      Terminated by ","
      Trim whitespace same as SQL Loader
    FIRST_NAME                      CHAR (800)
      Terminated by ","
      Trim whitespace same as SQL Loader
    LAST_NAME                       CHAR (800)
      Terminated by ","
      Trim whitespace same as SQL Loader
    GENDER                          CHAR (800)
      Terminated by ","
      Trim whitespace same as SQL Loader
    AGE                             CHAR (255)
      Terminated by ","
      Trim whitespace same as SQL Loader
    EMAIL                           CHAR (800)
      Terminated by ","
      Trim whitespace same as SQL Loader
    PHONE                           CHAR (800)
      Terminated by ","
      Trim whitespace same as SQL Loader
    ADDRESS                         CHAR (800)
      Terminated by ","
      Trim whitespace same as SQL Loader
    CITY                            CHAR (800)
      Terminated by ","
      Trim whitespace same as SQL Loader
    COUNTRY_CODE                    CHAR (800)
      Terminated by ","
      Trim whitespace same as SQL Loader
    COUNTRY                         CHAR (800)
      Terminated by ","
      Trim whitespace same as SQL Loader
    IS_ACTIVE                       CHAR (800)
      Terminated by ","
      Trim whitespace same as SQL Loader

  Column Transformations
error processing column AGE in row 1 for datafile /media/sf_Valeryia_Lupanava/Project/dwso/sa_src/sources/customers/customers_1.csv
ORA-01722: invalid number
error processing column AGE in row 1 for datafile /media/sf_Valeryia_Lupanava/Project/dwso/sa_src/sources/customers/customers_2.csv
ORA-01722: invalid number
