

 LOG file opened at 11/29/17 06:38:41

KUP-05004:   Warning: Intra source concurrency disabled because parallel select was not requested.

Field Definitions for table EXT_CUSTOMERS
  Record format DELIMITED BY NEWLINE
  Data in file has same endianness as the platform
  Rows with all null fields are accepted

  Fields in Data Source: 

    PASSPORT_NUMBER                 CHAR (800)
      Terminated by ","
      Trim whitespace same as SQL Loader
    FIRST_NAME                      CHAR (800)
      Terminated by ","
      Trim whitespace same as SQL Loader
    LAST_NAME                       CHAR (800)
      Terminated by ","
      Trim whitespace same as SQL Loader
    GENDER                          CHAR (800)
      Terminated by ","
      Trim whitespace same as SQL Loader
    AGE                             CHAR (255)
      Terminated by ","
      Trim whitespace same as SQL Loader
    EMAIL                           CHAR (800)
      Terminated by ","
      Trim whitespace same as SQL Loader
    PHONE                           CHAR (800)
      Terminated by ","
      Trim whitespace same as SQL Loader
    ADDRESS                         CHAR (800)
      Terminated by ","
      Trim whitespace same as SQL Loader
    CITY                            CHAR (800)
      Terminated by ","
      Trim whitespace same as SQL Loader
    COUNTRY_ID                      CHAR (255)
      Terminated by ","
      Trim whitespace same as SQL Loader
    START_DT                        CHAR (255)
      Terminated by ","
      Trim whitespace same as SQL Loader
    END_DT                          CHAR (255)
      Terminated by ","
      Trim whitespace same as SQL Loader
    IS_ACTIVE                       CHAR (800)
      Terminated by ","
      Trim whitespace same as SQL Loader

  Column Transformations

Date Cache Statistics for table EXT_CUSTOMERS
  Max Size:      1000
  Entries :        60
  Hits    :        60
  Misses  :         0

