

 LOG file opened at 12/03/17 23:21:42

Field Definitions for table EXT_CUSTOMERS
  Record format DELIMITED BY NEWLINE
  Data in file has same endianness as the platform
  Rows with all null fields are accepted

  Fields in Data Source: 

    CODE                            CHAR (800)
      Terminated by ";"
      Trim whitespace same as SQL Loader
    GENDER                          CHAR (800)
      Terminated by ";"
      Trim whitespace same as SQL Loader
    LANG                            CHAR (800)
      Terminated by ";"
      Trim whitespace same as SQL Loader
    NAME                            CHAR (800)
      Terminated by ";"
      Trim whitespace same as SQL Loader
    MID_NAME                        CHAR (800)
      Terminated by ";"
      Trim whitespace same as SQL Loader
    SUR                             CHAR (800)
      Terminated by ";"
      Trim whitespace same as SQL Loader
    ADDR                            CHAR (800)
      Terminated by ";"
      Trim whitespace same as SQL Loader
    CITY                            CHAR (800)
      Terminated by ";"
      Trim whitespace same as SQL Loader
    POSTAL_CODE                     CHAR (800)
      Terminated by ";"
      Trim whitespace same as SQL Loader
    EMAIL                           CHAR (800)
      Terminated by ";"
      Trim whitespace same as SQL Loader
    PHONE                           CHAR (800)
      Terminated by ";"
      Trim whitespace same as SQL Loader
    PHONE_CODE                      CHAR (800)
      Terminated by ";"
      Trim whitespace same as SQL Loader
    BIRTH                           CHAR (800)
      Terminated by ";"
      Trim whitespace same as SQL Loader
    CARD_TYPE                       CHAR (800)
      Terminated by ";"
      Trim whitespace same as SQL Loader
    CARD_NUM                        CHAR (800)
      Terminated by ";"
      Trim whitespace same as SQL Loader
    CVV                             CHAR (800)
      Terminated by ";"
      Trim whitespace same as SQL Loader
    EXPIRES                         CHAR (800)
      Terminated by ";"
      Trim whitespace same as SQL Loader


 LOG file opened at 12/03/17 23:55:12

Field Definitions for table EXT_CUSTOMERS
  Record format DELIMITED BY NEWLINE
  Data in file has same endianness as the platform
  Rows with all null fields are accepted

  Fields in Data Source: 

    CODE                            CHAR (800)
      Terminated by ";"
      Trim whitespace same as SQL Loader
    GENDER                          CHAR (800)
      Terminated by ";"
      Trim whitespace same as SQL Loader
    LANG                            CHAR (800)
      Terminated by ";"
      Trim whitespace same as SQL Loader
    NAME                            CHAR (800)
      Terminated by ";"
      Trim whitespace same as SQL Loader
    MID_NAME                        CHAR (800)
      Terminated by ";"
      Trim whitespace same as SQL Loader
    SUR                             CHAR (800)
      Terminated by ";"
      Trim whitespace same as SQL Loader
    ADDR                            CHAR (800)
      Terminated by ";"
      Trim whitespace same as SQL Loader
    CITY                            CHAR (800)
      Terminated by ";"
      Trim whitespace same as SQL Loader
    POSTAL_CODE                     CHAR (800)
      Terminated by ";"
      Trim whitespace same as SQL Loader
    EMAIL                           CHAR (800)
      Terminated by ";"
      Trim whitespace same as SQL Loader
    PHONE                           CHAR (800)
      Terminated by ";"
      Trim whitespace same as SQL Loader
    PHONE_CODE                      CHAR (800)
      Terminated by ";"
      Trim whitespace same as SQL Loader
    BIRTH                           CHAR (800)
      Terminated by ";"
      Trim whitespace same as SQL Loader
    CARD_TYPE                       CHAR (800)
      Terminated by ";"
      Trim whitespace same as SQL Loader
    CARD_NUM                        CHAR (800)
      Terminated by ";"
      Trim whitespace same as SQL Loader
    CVV                             CHAR (800)
      Terminated by ";"
      Trim whitespace same as SQL Loader
    EXPIRES                         CHAR (800)
      Terminated by ";"
      Trim whitespace same as SQL Loader


 LOG file opened at 12/04/17 00:01:03

Field Definitions for table EXT_CUSTOMERS
  Record format DELIMITED BY NEWLINE
  Data in file has same endianness as the platform
  Rows with all null fields are accepted

  Fields in Data Source: 

    CODE                            CHAR (800)
      Terminated by ";"
      Trim whitespace same as SQL Loader
    GENDER                          CHAR (800)
      Terminated by ";"
      Trim whitespace same as SQL Loader
    LANG                            CHAR (800)
      Terminated by ";"
      Trim whitespace same as SQL Loader
    NAME                            CHAR (800)
      Terminated by ";"
      Trim whitespace same as SQL Loader
    MID_NAME                        CHAR (800)
      Terminated by ";"
      Trim whitespace same as SQL Loader
    SUR                             CHAR (800)
      Terminated by ";"
      Trim whitespace same as SQL Loader
    ADDR                            CHAR (800)
      Terminated by ";"
      Trim whitespace same as SQL Loader
    CITY                            CHAR (800)
      Terminated by ";"
      Trim whitespace same as SQL Loader
    POSTAL_CODE                     CHAR (800)
      Terminated by ";"
      Trim whitespace same as SQL Loader
    EMAIL                           CHAR (800)
      Terminated by ";"
      Trim whitespace same as SQL Loader
    PHONE                           CHAR (800)
      Terminated by ";"
      Trim whitespace same as SQL Loader
    PHONE_CODE                      CHAR (800)
      Terminated by ";"
      Trim whitespace same as SQL Loader
    BIRTH                           CHAR (800)
      Terminated by ";"
      Trim whitespace same as SQL Loader
    CARD_TYPE                       CHAR (800)
      Terminated by ";"
      Trim whitespace same as SQL Loader
    CARD_NUM                        CHAR (800)
      Terminated by ";"
      Trim whitespace same as SQL Loader
    CVV                             CHAR (800)
      Terminated by ";"
      Trim whitespace same as SQL Loader
    EXPIRES                         CHAR (800)
      Terminated by ";"
      Trim whitespace same as SQL Loader
