

 LOG file opened at 11/26/17 23:44:54

Field Definitions for table EXT_CUSTOMERS
  Record format DELIMITED BY NEWLINE
  Data in file has same endianness as the platform
  Rows with all null fields are accepted

  Fields in Data Source: 

    LAST_NAME                       CHAR (800)
      Terminated by ";"
      Trim whitespace same as SQL Loader
    FIRST_NAME                      CHAR (800)
      Terminated by ";"
      Trim whitespace same as SQL Loader
    MIDDLE_NAME                     CHAR (800)
      Terminated by ";"
      Trim whitespace same as SQL Loader
    PHONE                           CHAR (800)
      Terminated by ";"
      Trim whitespace same as SQL Loader
    EMAIL                           CHAR (800)
      Terminated by ";"
      Trim whitespace same as SQL Loader
    AGE                             CHAR (255)
      Terminated by ";"
      Trim whitespace same as SQL Loader
    DISCOUNT                        CHAR (255)
      Terminated by ";"
      Trim whitespace same as SQL Loader
    GENDER                          CHAR (255)
      Terminated by ";"
      Trim whitespace same as SQL Loader
    PASSPORT                        CHAR (800)
      Terminated by ";"
      Trim whitespace same as SQL Loader
    CITY                            CHAR (800)
      Terminated by ";"
      Trim whitespace same as SQL Loader
    REGION                          CHAR (800)
      Terminated by ";"
      Trim whitespace same as SQL Loader


 LOG file opened at 11/27/17 01:09:05

Field Definitions for table EXT_CUSTOMERS
  Record format DELIMITED BY NEWLINE
  Data in file has same endianness as the platform
  Rows with all null fields are accepted

  Fields in Data Source: 

    LAST_NAME                       CHAR (800)
      Terminated by ";"
      Trim whitespace same as SQL Loader
    FIRST_NAME                      CHAR (800)
      Terminated by ";"
      Trim whitespace same as SQL Loader
    MIDDLE_NAME                     CHAR (800)
      Terminated by ";"
      Trim whitespace same as SQL Loader
    PHONE                           CHAR (800)
      Terminated by ";"
      Trim whitespace same as SQL Loader
    EMAIL                           CHAR (800)
      Terminated by ";"
      Trim whitespace same as SQL Loader
    AGE                             CHAR (255)
      Terminated by ";"
      Trim whitespace same as SQL Loader
    DISCOUNT                        CHAR (255)
      Terminated by ";"
      Trim whitespace same as SQL Loader
    GENDER                          CHAR (255)
      Terminated by ";"
      Trim whitespace same as SQL Loader
    PASSPORT                        CHAR (800)
      Terminated by ";"
      Trim whitespace same as SQL Loader
    CITY                            CHAR (800)
      Terminated by ";"
      Trim whitespace same as SQL Loader
    REGION                          CHAR (800)
      Terminated by ";"
      Trim whitespace same as SQL Loader
error processing column AGE in row 1 for datafile D:\dwh\sa_src\sources\ext_tables_customers\customers1.csv
ORA-01722: invalid number
error processing column AGE in row 2335 for datafile D:\dwh\sa_src\sources\ext_tables_customers\customers7.csv
ORA-01722: invalid number


 LOG file opened at 11/27/17 01:14:10

Field Definitions for table EXT_CUSTOMERS
  Record format DELIMITED BY NEWLINE
  Data in file has same endianness as the platform
  Rows with all null fields are accepted

  Fields in Data Source: 

    LAST_NAME                       CHAR (800)
      Terminated by ";"
      Trim whitespace same as SQL Loader
    FIRST_NAME                      CHAR (800)
      Terminated by ";"
      Trim whitespace same as SQL Loader
    MIDDLE_NAME                     CHAR (800)
      Terminated by ";"
      Trim whitespace same as SQL Loader
    PHONE                           CHAR (800)
      Terminated by ";"
      Trim whitespace same as SQL Loader
    EMAIL                           CHAR (800)
      Terminated by ";"
      Trim whitespace same as SQL Loader
    AGE                             CHAR (255)
      Terminated by ";"
      Trim whitespace same as SQL Loader
    DISCOUNT                        CHAR (255)
      Terminated by ";"
      Trim whitespace same as SQL Loader
    GENDER                          CHAR (255)
      Terminated by ";"
      Trim whitespace same as SQL Loader
    PASSPORT                        CHAR (800)
      Terminated by ";"
      Trim whitespace same as SQL Loader
    CITY                            CHAR (800)
      Terminated by ";"
      Trim whitespace same as SQL Loader
    REGION                          CHAR (800)
      Terminated by ";"
      Trim whitespace same as SQL Loader


 LOG file opened at 11/27/17 01:14:15

Field Definitions for table EXT_CUSTOMERS
  Record format DELIMITED BY NEWLINE
  Data in file has same endianness as the platform
  Rows with all null fields are accepted

  Fields in Data Source: 

    LAST_NAME                       CHAR (800)
      Terminated by ";"
      Trim whitespace same as SQL Loader
    FIRST_NAME                      CHAR (800)
      Terminated by ";"
      Trim whitespace same as SQL Loader
    MIDDLE_NAME                     CHAR (800)
      Terminated by ";"
      Trim whitespace same as SQL Loader
    PHONE                           CHAR (800)
      Terminated by ";"
      Trim whitespace same as SQL Loader
    EMAIL                           CHAR (800)
      Terminated by ";"
      Trim whitespace same as SQL Loader
    AGE                             CHAR (255)
      Terminated by ";"
      Trim whitespace same as SQL Loader
    DISCOUNT                        CHAR (255)
      Terminated by ";"
      Trim whitespace same as SQL Loader
    GENDER                          CHAR (255)
      Terminated by ";"
      Trim whitespace same as SQL Loader
    PASSPORT                        CHAR (800)
      Terminated by ";"
      Trim whitespace same as SQL Loader
    CITY                            CHAR (800)
      Terminated by ";"
      Trim whitespace same as SQL Loader
    REGION                          CHAR (800)
      Terminated by ";"
      Trim whitespace same as SQL Loader


 LOG file opened at 11/27/17 01:14:21

Field Definitions for table EXT_CUSTOMERS
  Record format DELIMITED BY NEWLINE
  Data in file has same endianness as the platform
  Rows with all null fields are accepted

  Fields in Data Source: 

    LAST_NAME                       CHAR (800)
      Terminated by ";"
      Trim whitespace same as SQL Loader
    FIRST_NAME                      CHAR (800)
      Terminated by ";"
      Trim whitespace same as SQL Loader
    MIDDLE_NAME                     CHAR (800)
      Terminated by ";"
      Trim whitespace same as SQL Loader
    PHONE                           CHAR (800)
      Terminated by ";"
      Trim whitespace same as SQL Loader
    EMAIL                           CHAR (800)
      Terminated by ";"
      Trim whitespace same as SQL Loader
    AGE                             CHAR (255)
      Terminated by ";"
      Trim whitespace same as SQL Loader
    DISCOUNT                        CHAR (255)
      Terminated by ";"
      Trim whitespace same as SQL Loader
    GENDER                          CHAR (255)
      Terminated by ";"
      Trim whitespace same as SQL Loader
    PASSPORT                        CHAR (800)
      Terminated by ";"
      Trim whitespace same as SQL Loader
    CITY                            CHAR (800)
      Terminated by ";"
      Trim whitespace same as SQL Loader
    REGION                          CHAR (800)
      Terminated by ";"
      Trim whitespace same as SQL Loader
error processing column AGE in row 1 for datafile D:\dwh\sa_src\sources\ext_tables_customers\customers1.csv
ORA-01722: invalid number
error processing column AGE in row 2335 for datafile D:\dwh\sa_src\sources\ext_tables_customers\customers7.csv
ORA-01722: invalid number


 LOG file opened at 11/27/17 01:14:32

Field Definitions for table EXT_CUSTOMERS
  Record format DELIMITED BY NEWLINE
  Data in file has same endianness as the platform
  Rows with all null fields are accepted

  Fields in Data Source: 

    LAST_NAME                       CHAR (800)
      Terminated by ";"
      Trim whitespace same as SQL Loader
    FIRST_NAME                      CHAR (800)
      Terminated by ";"
      Trim whitespace same as SQL Loader
    MIDDLE_NAME                     CHAR (800)
      Terminated by ";"
      Trim whitespace same as SQL Loader
    PHONE                           CHAR (800)
      Terminated by ";"
      Trim whitespace same as SQL Loader
    EMAIL                           CHAR (800)
      Terminated by ";"
      Trim whitespace same as SQL Loader
    AGE                             CHAR (255)
      Terminated by ";"
      Trim whitespace same as SQL Loader
    DISCOUNT                        CHAR (255)
      Terminated by ";"
      Trim whitespace same as SQL Loader
    GENDER                          CHAR (255)
      Terminated by ";"
      Trim whitespace same as SQL Loader
    PASSPORT                        CHAR (800)
      Terminated by ";"
      Trim whitespace same as SQL Loader
    CITY                            CHAR (800)
      Terminated by ";"
      Trim whitespace same as SQL Loader
    REGION                          CHAR (800)
      Terminated by ";"
      Trim whitespace same as SQL Loader
error processing column AGE in row 1 for datafile D:\dwh\sa_src\sources\ext_tables_customers\customers1.csv
ORA-01722: invalid number
error processing column AGE in row 2335 for datafile D:\dwh\sa_src\sources\ext_tables_customers\customers7.csv
ORA-01722: invalid number


 LOG file opened at 11/27/17 01:21:32

Field Definitions for table EXT_CUSTOMERS
  Record format DELIMITED BY NEWLINE
  Data in file has same endianness as the platform
  Rows with all null fields are accepted

  Fields in Data Source: 

    LAST_NAME                       CHAR (800)
      Terminated by ";"
      Trim whitespace same as SQL Loader
    FIRST_NAME                      CHAR (800)
      Terminated by ";"
      Trim whitespace same as SQL Loader
    MIDDLE_NAME                     CHAR (800)
      Terminated by ";"
      Trim whitespace same as SQL Loader
    PHONE                           CHAR (800)
      Terminated by ";"
      Trim whitespace same as SQL Loader
    EMAIL                           CHAR (800)
      Terminated by ";"
      Trim whitespace same as SQL Loader
    AGE                             CHAR (255)
      Terminated by ";"
      Trim whitespace same as SQL Loader
    DISCOUNT                        CHAR (255)
      Terminated by ";"
      Trim whitespace same as SQL Loader
    GENDER                          CHAR (255)
      Terminated by ";"
      Trim whitespace same as SQL Loader
    PASSPORT                        CHAR (800)
      Terminated by ";"
      Trim whitespace same as SQL Loader
    CITY                            CHAR (800)
      Terminated by ";"
      Trim whitespace same as SQL Loader
    REGION                          CHAR (800)
      Terminated by ";"
      Trim whitespace same as SQL Loader
error processing column AGE in row 1 for datafile D:\dwh\sa_src\sources\ext_tables_customers\customers1.csv
ORA-01722: invalid number
error processing column AGE in row 2335 for datafile D:\dwh\sa_src\sources\ext_tables_customers\customers7.csv
ORA-01722: invalid number


 LOG file opened at 11/27/17 01:21:39

Field Definitions for table EXT_CUSTOMERS
  Record format DELIMITED BY NEWLINE
  Data in file has same endianness as the platform
  Rows with all null fields are accepted

  Fields in Data Source: 

    LAST_NAME                       CHAR (800)
      Terminated by ";"
      Trim whitespace same as SQL Loader
    FIRST_NAME                      CHAR (800)
      Terminated by ";"
      Trim whitespace same as SQL Loader
    MIDDLE_NAME                     CHAR (800)
      Terminated by ";"
      Trim whitespace same as SQL Loader
    PHONE                           CHAR (800)
      Terminated by ";"
      Trim whitespace same as SQL Loader
    EMAIL                           CHAR (800)
      Terminated by ";"
      Trim whitespace same as SQL Loader
    AGE                             CHAR (255)
      Terminated by ";"
      Trim whitespace same as SQL Loader
    DISCOUNT                        CHAR (255)
      Terminated by ";"
      Trim whitespace same as SQL Loader
    GENDER                          CHAR (255)
      Terminated by ";"
      Trim whitespace same as SQL Loader
    PASSPORT                        CHAR (800)
      Terminated by ";"
      Trim whitespace same as SQL Loader
    CITY                            CHAR (800)
      Terminated by ";"
      Trim whitespace same as SQL Loader
    REGION                          CHAR (800)
      Terminated by ";"
      Trim whitespace same as SQL Loader
error processing column AGE in row 1 for datafile D:\dwh\sa_src\sources\ext_tables_customers\customers1.csv
ORA-01722: invalid number
error processing column AGE in row 2335 for datafile D:\dwh\sa_src\sources\ext_tables_customers\customers7.csv
ORA-01722: invalid number


 LOG file opened at 11/27/17 01:24:03

Field Definitions for table EXT_CUSTOMERS
  Record format DELIMITED BY NEWLINE
  Data in file has same endianness as the platform
  Rows with all null fields are accepted

  Fields in Data Source: 

    LAST_NAME                       CHAR (800)
      Terminated by ";"
      Trim whitespace same as SQL Loader
    FIRST_NAME                      CHAR (800)
      Terminated by ";"
      Trim whitespace same as SQL Loader
    MIDDLE_NAME                     CHAR (800)
      Terminated by ";"
      Trim whitespace same as SQL Loader
    PHONE                           CHAR (800)
      Terminated by ";"
      Trim whitespace same as SQL Loader
    EMAIL                           CHAR (800)
      Terminated by ";"
      Trim whitespace same as SQL Loader
    AGE                             CHAR (255)
      Terminated by ";"
      Trim whitespace same as SQL Loader
    DISCOUNT                        CHAR (255)
      Terminated by ";"
      Trim whitespace same as SQL Loader
    GENDER                          CHAR (255)
      Terminated by ";"
      Trim whitespace same as SQL Loader
    PASSPORT                        CHAR (800)
      Terminated by ";"
      Trim whitespace same as SQL Loader
    CITY                            CHAR (800)
      Terminated by ";"
      Trim whitespace same as SQL Loader
    REGION                          CHAR (800)
      Terminated by ";"
      Trim whitespace same as SQL Loader
error processing column AGE in row 1 for datafile D:\dwh\sa_src\sources\ext_tables_customers\customers1.csv
ORA-01722: invalid number
error processing column AGE in row 2335 for datafile D:\dwh\sa_src\sources\ext_tables_customers\customers7.csv
ORA-01722: invalid number


 LOG file opened at 11/27/17 01:24:07

Field Definitions for table EXT_CUSTOMERS
  Record format DELIMITED BY NEWLINE
  Data in file has same endianness as the platform
  Rows with all null fields are accepted

  Fields in Data Source: 

    LAST_NAME                       CHAR (800)
      Terminated by ";"
      Trim whitespace same as SQL Loader
    FIRST_NAME                      CHAR (800)
      Terminated by ";"
      Trim whitespace same as SQL Loader
    MIDDLE_NAME                     CHAR (800)
      Terminated by ";"
      Trim whitespace same as SQL Loader
    PHONE                           CHAR (800)
      Terminated by ";"
      Trim whitespace same as SQL Loader
    EMAIL                           CHAR (800)
      Terminated by ";"
      Trim whitespace same as SQL Loader
    AGE                             CHAR (255)
      Terminated by ";"
      Trim whitespace same as SQL Loader
    DISCOUNT                        CHAR (255)
      Terminated by ";"
      Trim whitespace same as SQL Loader
    GENDER                          CHAR (255)
      Terminated by ";"
      Trim whitespace same as SQL Loader
    PASSPORT                        CHAR (800)
      Terminated by ";"
      Trim whitespace same as SQL Loader
    CITY                            CHAR (800)
      Terminated by ";"
      Trim whitespace same as SQL Loader
    REGION                          CHAR (800)
      Terminated by ";"
      Trim whitespace same as SQL Loader
error processing column AGE in row 1 for datafile D:\dwh\sa_src\sources\ext_tables_customers\customers1.csv
ORA-01722: invalid number
error processing column AGE in row 2335 for datafile D:\dwh\sa_src\sources\ext_tables_customers\customers7.csv
ORA-01722: invalid number


 LOG file opened at 11/27/17 01:29:03

Field Definitions for table EXT_CUSTOMERS
  Record format DELIMITED BY NEWLINE
  Data in file has same endianness as the platform
  Rows with all null fields are accepted

  Fields in Data Source: 

    LAST_NAME                       CHAR (800)
      Terminated by ";"
      Trim whitespace same as SQL Loader
    FIRST_NAME                      CHAR (800)
      Terminated by ";"
      Trim whitespace same as SQL Loader
    MIDDLE_NAME                     CHAR (800)
      Terminated by ";"
      Trim whitespace same as SQL Loader
    PHONE                           CHAR (800)
      Terminated by ";"
      Trim whitespace same as SQL Loader
    EMAIL                           CHAR (800)
      Terminated by ";"
      Trim whitespace same as SQL Loader
    AGE                             CHAR (255)
      Terminated by ";"
      Trim whitespace same as SQL Loader
    DISCOUNT                        CHAR (255)
      Terminated by ";"
      Trim whitespace same as SQL Loader
    GENDER                          CHAR (255)
      Terminated by ";"
      Trim whitespace same as SQL Loader
    PASSPORT                        CHAR (800)
      Terminated by ";"
      Trim whitespace same as SQL Loader
    CITY                            CHAR (800)
      Terminated by ";"
      Trim whitespace same as SQL Loader
    REGION                          CHAR (800)
      Terminated by ";"
      Trim whitespace same as SQL Loader
error processing column AGE in row 1 for datafile D:\dwh\sa_src\sources\ext_tables_customers\customers1.csv
ORA-01722: invalid number
error processing column AGE in row 2335 for datafile D:\dwh\sa_src\sources\ext_tables_customers\customers7.csv
ORA-01722: invalid number


 LOG file opened at 11/27/17 01:29:07

Field Definitions for table EXT_CUSTOMERS
  Record format DELIMITED BY NEWLINE
  Data in file has same endianness as the platform
  Rows with all null fields are accepted

  Fields in Data Source: 

    LAST_NAME                       CHAR (800)
      Terminated by ";"
      Trim whitespace same as SQL Loader
    FIRST_NAME                      CHAR (800)
      Terminated by ";"
      Trim whitespace same as SQL Loader
    MIDDLE_NAME                     CHAR (800)
      Terminated by ";"
      Trim whitespace same as SQL Loader
    PHONE                           CHAR (800)
      Terminated by ";"
      Trim whitespace same as SQL Loader
    EMAIL                           CHAR (800)
      Terminated by ";"
      Trim whitespace same as SQL Loader
    AGE                             CHAR (255)
      Terminated by ";"
      Trim whitespace same as SQL Loader
    DISCOUNT                        CHAR (255)
      Terminated by ";"
      Trim whitespace same as SQL Loader
    GENDER                          CHAR (255)
      Terminated by ";"
      Trim whitespace same as SQL Loader
    PASSPORT                        CHAR (800)
      Terminated by ";"
      Trim whitespace same as SQL Loader
    CITY                            CHAR (800)
      Terminated by ";"
      Trim whitespace same as SQL Loader
    REGION                          CHAR (800)
      Terminated by ";"
      Trim whitespace same as SQL Loader
error processing column AGE in row 1 for datafile D:\dwh\sa_src\sources\ext_tables_customers\customers1.csv
ORA-01722: invalid number
error processing column AGE in row 2335 for datafile D:\dwh\sa_src\sources\ext_tables_customers\customers7.csv
ORA-01722: invalid number
