

 LOG file opened at 11/23/17 02:42:48

KUP-05004:   Warning: Intra source concurrency disabled because parallel select was not requested.

Field Definitions for table SRC_ORG1
  Record format DELIMITED, delimited by 

  Data in file has same endianness as the platform
  Rows with all null fields are accepted

  Fields in Data Source: 

    NOMER                           CHAR (4000)
      Terminated by ","
      Enclosed by """ and """
      Trim whitespace from left and right
    NAME                            CHAR (4000)
      Terminated by ","
      Enclosed by """ and """
      Trim whitespace from left and right
    TAX                             CHAR (4000)
      Terminated by ","
      Enclosed by """ and """
      Trim whitespace from left and right
    TAX_GOV                         CHAR (4000)
      Terminated by ","
      Enclosed by """ and """
      Trim whitespace from left and right
    DATE_ENTER                      CHAR (4000)
      Date datatype DATE, date mask dd.mm.yyyy
      Terminated by ","
      Enclosed by """ and """
      Trim whitespace from left and right

Date Cache Statistics for table SRC_ORG1
  Max Size:      1000
  Entries :       115
  Hits    :        85
  Misses  :         0



 LOG file opened at 11/23/17 02:43:17

KUP-05004:   Warning: Intra source concurrency disabled because parallel select was not requested.

Field Definitions for table SRC_ORG1
  Record format DELIMITED, delimited by 

  Data in file has same endianness as the platform
  Rows with all null fields are accepted

  Fields in Data Source: 

    NOMER                           CHAR (4000)
      Terminated by ","
      Enclosed by """ and """
      Trim whitespace from left and right
    NAME                            CHAR (4000)
      Terminated by ","
      Enclosed by """ and """
      Trim whitespace from left and right
    TAX                             CHAR (4000)
      Terminated by ","
      Enclosed by """ and """
      Trim whitespace from left and right
    TAX_GOV                         CHAR (4000)
      Terminated by ","
      Enclosed by """ and """
      Trim whitespace from left and right
    DATE_ENTER                      CHAR (4000)
      Date datatype DATE, date mask dd.mm.yyyy
      Terminated by ","
      Enclosed by """ and """
      Trim whitespace from left and right

Date Cache Statistics for table SRC_ORG1
  Max Size:      1000
  Entries :       115
  Hits    :        85
  Misses  :         0



 LOG file opened at 11/23/17 02:45:39

KUP-05004:   Warning: Intra source concurrency disabled because parallel select was not requested.

Field Definitions for table SRC_ORG
  Record format DELIMITED, delimited by 

  Data in file has same endianness as the platform
  Rows with all null fields are accepted

  Fields in Data Source: 

    NOMER                           CHAR (4000)
      Terminated by ","
      Enclosed by """ and """
      Trim whitespace from left and right
    NAME                            CHAR (4000)
      Terminated by ","
      Enclosed by """ and """
      Trim whitespace from left and right
    TAX                             CHAR (4000)
      Terminated by ","
      Enclosed by """ and """
      Trim whitespace from left and right
    TAX_GOV                         CHAR (4000)
      Terminated by ","
      Enclosed by """ and """
      Trim whitespace from left and right
    DATE_ENTER                      CHAR (4000)
      Date datatype DATE, date mask dd.mm.yyyy
      Terminated by ","
      Enclosed by """ and """
      Trim whitespace from left and right

Date Cache Statistics for table SRC_ORG
  Max Size:      1000
  Entries :       115
  Hits    :        85
  Misses  :         0



 LOG file opened at 11/23/17 02:44:53

KUP-05004:   Warning: Intra source concurrency disabled because parallel select was not requested.

Field Definitions for table SRC_ORG1
  Record format DELIMITED, delimited by 

  Data in file has same endianness as the platform
  Rows with all null fields are accepted

  Fields in Data Source: 

    NOMER                           CHAR (4000)
      Terminated by ","
      Enclosed by """ and """
      Trim whitespace from left and right
    NAME                            CHAR (4000)
      Terminated by ","
      Enclosed by """ and """
      Trim whitespace from left and right
    TAX                             CHAR (4000)
      Terminated by ","
      Enclosed by """ and """
      Trim whitespace from left and right
    TAX_GOV                         CHAR (4000)
      Terminated by ","
      Enclosed by """ and """
      Trim whitespace from left and right
    DATE_ENTER                      CHAR (4000)
      Date datatype DATE, date mask dd.mm.yyyy
      Terminated by ","
      Enclosed by """ and """
      Trim whitespace from left and right

Date Cache Statistics for table SRC_ORG1
  Max Size:      1000
  Entries :       115
  Hits    :        85
  Misses  :         0



 LOG file opened at 11/23/17 03:03:31

KUP-05004:   Warning: Intra source concurrency disabled because parallel select was not requested.

Field Definitions for table SRC_ORG
  Record format DELIMITED, delimited by 

  Data in file has same endianness as the platform
  Rows with all null fields are accepted

  Fields in Data Source: 

    NOMER                           CHAR (4000)
      Terminated by ","
      Enclosed by """ and """
      Trim whitespace from left and right
    NAME                            CHAR (4000)
      Terminated by ","
      Enclosed by """ and """
      Trim whitespace from left and right
    TAX                             CHAR (4000)
      Terminated by ","
      Enclosed by """ and """
      Trim whitespace from left and right
    TAX_GOV                         CHAR (4000)
      Terminated by ","
      Enclosed by """ and """
      Trim whitespace from left and right
    DATE_ENTER                      CHAR (4000)
      Date datatype DATE, date mask dd.mm.yyyy
      Terminated by ","
      Enclosed by """ and """
      Trim whitespace from left and right

Date Cache Statistics for table SRC_ORG
  Max Size:      1000
  Entries :       115
  Hits    :        85
  Misses  :         0



 LOG file opened at 11/23/17 04:23:00

KUP-05004:   Warning: Intra source concurrency disabled because parallel select was not requested.

Field Definitions for table SRC_ORG
  Record format DELIMITED, delimited by 

  Data in file has same endianness as the platform
  Rows with all null fields are accepted

  Fields in Data Source: 

    NOMER                           CHAR (4000)
      Terminated by ","
      Enclosed by """ and """
      Trim whitespace from left and right
    NAME                            CHAR (4000)
      Terminated by ","
      Enclosed by """ and """
      Trim whitespace from left and right
    TAX                             CHAR (4000)
      Terminated by ","
      Enclosed by """ and """
      Trim whitespace from left and right
    TAX_GOV                         CHAR (4000)
      Terminated by ","
      Enclosed by """ and """
      Trim whitespace from left and right
    DATE_ENTER                      CHAR (4000)
      Date datatype DATE, date mask dd.mm.yyyy
      Terminated by ","
      Enclosed by """ and """
      Trim whitespace from left and right

Date Cache Statistics for table SRC_ORG
  Max Size:      1000
  Entries :       115
  Hits    :        85
  Misses  :         0



 LOG file opened at 11/23/17 04:23:59

KUP-05004:   Warning: Intra source concurrency disabled because parallel select was not requested.

Field Definitions for table SRC_ORG
  Record format DELIMITED, delimited by 

  Data in file has same endianness as the platform
  Rows with all null fields are accepted

  Fields in Data Source: 

    NOMER                           CHAR (4000)
      Terminated by ","
      Enclosed by """ and """
      Trim whitespace from left and right
    NAME                            CHAR (4000)
      Terminated by ","
      Enclosed by """ and """
      Trim whitespace from left and right
    TAX                             CHAR (4000)
      Terminated by ","
      Enclosed by """ and """
      Trim whitespace from left and right
    TAX_GOV                         CHAR (4000)
      Terminated by ","
      Enclosed by """ and """
      Trim whitespace from left and right
    DATE_ENTER                      CHAR (4000)
      Date datatype DATE, date mask dd.mm.yyyy
      Terminated by ","
      Enclosed by """ and """
      Trim whitespace from left and right

Date Cache Statistics for table SRC_ORG
  Max Size:      1000
  Entries :       115
  Hits    :        85
  Misses  :         0

