

 LOG file opened at 11/29/17 06:47:01

KUP-05004:   Warning: Intra source concurrency disabled because parallel select was not requested.

Field Definitions for table EXT_PAYMENT_METHODS
  Record format DELIMITED BY NEWLINE
  Data in file has same endianness as the platform
  Rows with all null fields are accepted

  Fields in Data Source: 

    PAYMENT_METHOD_NAME             CHAR (800)
      Terminated by ","
      Trim whitespace same as SQL Loader
    BANK                            CHAR (800)
      Terminated by ","
      Trim whitespace same as SQL Loader
    START_DT                        CHAR (255)
      Terminated by ","
      Trim whitespace same as SQL Loader
    END_DT                          CHAR (255)
      Terminated by ","
      Trim whitespace same as SQL Loader
    IS_ACTIVE                       CHAR (800)
      Terminated by ","
      Trim whitespace same as SQL Loader
error processing column START_DT in row 12 for datafile /media/sf_Valeryia_Lupanava/Project/dwso/sa_src/sources/payment_methods.csv
ORA-01858: a non-numeric character was found where a numeric was expected
error processing column START_DT in row 50 for datafile /media/sf_Valeryia_Lupanava/Project/dwso/sa_src/sources/payment_methods.csv
ORA-01858: a non-numeric character was found where a numeric was expected

Date Cache Statistics for table EXT_PAYMENT_METHODS
  Max Size:      1000
  Entries :        50
  Hits    :        48
  Misses  :         0

