SQL> select * from regions
  2  /

 REGION_ID                                                                      
----------                                                                      
REGION_DESC                                                                     
--------------------------------------------------------------------------------
CONTINENT_ID                                                                    
------------                                                                    
        14                                                                      
Eastern Africa                                                                  
           2                                                                    
                                                                                
        17                                                                      
Middle Africa                                                                   
           2                                                                    

 REGION_ID                                                                      
----------                                                                      
REGION_DESC                                                                     
--------------------------------------------------------------------------------
CONTINENT_ID                                                                    
------------                                                                    
                                                                                
        15                                                                      
Northern Africa                                                                 
           2                                                                    
                                                                                
        18                                                                      
Southern Africa                                                                 

 REGION_ID                                                                      
----------                                                                      
REGION_DESC                                                                     
--------------------------------------------------------------------------------
CONTINENT_ID                                                                    
------------                                                                    
           2                                                                    
                                                                                
        11                                                                      
Western Africa                                                                  
           2                                                                    
                                                                                
        29                                                                      

 REGION_ID                                                                      
----------                                                                      
REGION_DESC                                                                     
--------------------------------------------------------------------------------
CONTINENT_ID                                                                    
------------                                                                    
Caribbean                                                                       
         419                                                                    
                                                                                
        13                                                                      
Central America                                                                 
         419                                                                    
                                                                                

 REGION_ID                                                                      
----------                                                                      
REGION_DESC                                                                     
--------------------------------------------------------------------------------
CONTINENT_ID                                                                    
------------                                                                    
         5                                                                      
South America                                                                   
         419                                                                    
                                                                                
        21                                                                      
Northern America                                                                
          21                                                                    

 REGION_ID                                                                      
----------                                                                      
REGION_DESC                                                                     
--------------------------------------------------------------------------------
CONTINENT_ID                                                                    
------------                                                                    
                                                                                
       143                                                                      
Central Asia                                                                    
         142                                                                    
                                                                                
        30                                                                      
Eastern Asia                                                                    

 REGION_ID                                                                      
----------                                                                      
REGION_DESC                                                                     
--------------------------------------------------------------------------------
CONTINENT_ID                                                                    
------------                                                                    
         142                                                                    
                                                                                
        34                                                                      
Southern Asia                                                                   
         142                                                                    
                                                                                
        35                                                                      

 REGION_ID                                                                      
----------                                                                      
REGION_DESC                                                                     
--------------------------------------------------------------------------------
CONTINENT_ID                                                                    
------------                                                                    
South-Eastern Asia                                                              
         142                                                                    
                                                                                
       145                                                                      
Western Asia                                                                    
         142                                                                    
                                                                                

 REGION_ID                                                                      
----------                                                                      
REGION_DESC                                                                     
--------------------------------------------------------------------------------
CONTINENT_ID                                                                    
------------                                                                    
       151                                                                      
Eastern Europe                                                                  
         150                                                                    
                                                                                
       154                                                                      
Northern Europe                                                                 
         150                                                                    

 REGION_ID                                                                      
----------                                                                      
REGION_DESC                                                                     
--------------------------------------------------------------------------------
CONTINENT_ID                                                                    
------------                                                                    
                                                                                
        39                                                                      
Southern Europe                                                                 
         150                                                                    
                                                                                
       155                                                                      
Western Europe                                                                  

 REGION_ID                                                                      
----------                                                                      
REGION_DESC                                                                     
--------------------------------------------------------------------------------
CONTINENT_ID                                                                    
------------                                                                    
         150                                                                    
                                                                                
        53                                                                      
Australia and New Zealand                                                       
           9                                                                    
                                                                                
        54                                                                      

 REGION_ID                                                                      
----------                                                                      
REGION_DESC                                                                     
--------------------------------------------------------------------------------
CONTINENT_ID                                                                    
------------                                                                    
Melanesia                                                                       
           9                                                                    
           