

 LOG file opened at 11/26/17 22:42:16

Field Definitions for table EXT_EMPLOYEES
  Record format DELIMITED BY NEWLINE
  Data in file has same endianness as the platform
  Rows with all null fields are accepted

  Fields in Data Source: 

    EMPLOYEE_CODE                   CHAR (255)
      Terminated by ";"
      Trim whitespace same as SQL Loader
    FIRST_NAME                      CHAR (800)
      Terminated by ";"
      Trim whitespace same as SQL Loader
    LAST_NAME                       CHAR (800)
      Terminated by ";"
      Trim whitespace same as SQL Loader
    MIDDLE_NAME                     CHAR (800)
      Terminated by ";"
      Trim whitespace same as SQL Loader
    PHONE                           CHAR (800)
      Terminated by ";"
      Trim whitespace same as SQL Loader
    EMAIL                           CHAR (800)
      Terminated by ";"
      Trim whitespace same as SQL Loader
    AGE                             CHAR (255)
      Terminated by ";"
      Trim whitespace same as SQL Loader
    PASSPORT_CODE                   CHAR (400)
      Terminated by ";"
      Trim whitespace same as SQL Loader
    ACTIVE                          CHAR (255)
      Terminated by ";"
      Trim whitespace same as SQL Loader
    START_DATE                      CHAR (400)
      Terminated by ";"
      Trim whitespace same as SQL Loader
    END_DATE                        CHAR (400)
      Terminated by ";"
      Trim whitespace same as SQL Loader
    PASSPORT_LETTER                 CHAR (400)
      Terminated by ";"
      Trim whitespace same as SQL Loader


 LOG file opened at 11/26/17 22:42:31

Field Definitions for table EXT_EMPLOYEES
  Record format DELIMITED BY NEWLINE
  Data in file has same endianness as the platform
  Rows with all null fields are accepted

  Fields in Data Source: 

    EMPLOYEE_CODE                   CHAR (255)
      Terminated by ";"
      Trim whitespace same as SQL Loader
    FIRST_NAME                      CHAR (800)
      Terminated by ";"
      Trim whitespace same as SQL Loader
    LAST_NAME                       CHAR (800)
      Terminated by ";"
      Trim whitespace same as SQL Loader
    MIDDLE_NAME                     CHAR (800)
      Terminated by ";"
      Trim whitespace same as SQL Loader
    PHONE                           CHAR (800)
      Terminated by ";"
      Trim whitespace same as SQL Loader
    EMAIL                           CHAR (800)
      Terminated by ";"
      Trim whitespace same as SQL Loader
    AGE                             CHAR (255)
      Terminated by ";"
      Trim whitespace same as SQL Loader
    PASSPORT_CODE                   CHAR (400)
      Terminated by ";"
      Trim whitespace same as SQL Loader
    ACTIVE                          CHAR (255)
      Terminated by ";"
      Trim whitespace same as SQL Loader
    START_DATE                      CHAR (400)
      Terminated by ";"
      Trim whitespace same as SQL Loader
    END_DATE                        CHAR (400)
      Terminated by ";"
      Trim whitespace same as SQL Loader
    PASSPORT_LETTER                 CHAR (400)
      Terminated by ";"
      Trim whitespace same as SQL Loader


 LOG file opened at 11/26/17 22:42:54

Field Definitions for table EXT_EMPLOYEES
  Record format DELIMITED BY NEWLINE
  Data in file has same endianness as the platform
  Rows with all null fields are accepted

  Fields in Data Source: 

    EMPLOYEE_CODE                   CHAR (255)
      Terminated by ";"
      Trim whitespace same as SQL Loader
    FIRST_NAME                      CHAR (800)
      Terminated by ";"
      Trim whitespace same as SQL Loader
    LAST_NAME                       CHAR (800)
      Terminated by ";"
      Trim whitespace same as SQL Loader
    MIDDLE_NAME                     CHAR (800)
      Terminated by ";"
      Trim whitespace same as SQL Loader
    PHONE                           CHAR (800)
      Terminated by ";"
      Trim whitespace same as SQL Loader
    EMAIL                           CHAR (800)
      Terminated by ";"
      Trim whitespace same as SQL Loader
    AGE                             CHAR (255)
      Terminated by ";"
      Trim whitespace same as SQL Loader
    PASSPORT_CODE                   CHAR (400)
      Terminated by ";"
      Trim whitespace same as SQL Loader
    ACTIVE                          CHAR (255)
      Terminated by ";"
      Trim whitespace same as SQL Loader
    START_DATE                      CHAR (400)
      Terminated by ";"
      Trim whitespace same as SQL Loader
    END_DATE                        CHAR (400)
      Terminated by ";"
      Trim whitespace same as SQL Loader
    PASSPORT_LETTER                 CHAR (400)
      Terminated by ";"
      Trim whitespace same as SQL Loader


 LOG file opened at 11/26/17 22:43:03

Field Definitions for table EXT_EMPLOYEES
  Record format DELIMITED BY NEWLINE
  Data in file has same endianness as the platform
  Rows with all null fields are accepted

  Fields in Data Source: 

    EMPLOYEE_CODE                   CHAR (255)
      Terminated by ";"
      Trim whitespace same as SQL Loader
    FIRST_NAME                      CHAR (800)
      Terminated by ";"
      Trim whitespace same as SQL Loader
    LAST_NAME                       CHAR (800)
      Terminated by ";"
      Trim whitespace same as SQL Loader
    MIDDLE_NAME                     CHAR (800)
      Terminated by ";"
      Trim whitespace same as SQL Loader
    PHONE                           CHAR (800)
      Terminated by ";"
      Trim whitespace same as SQL Loader
    EMAIL                           CHAR (800)
      Terminated by ";"
      Trim whitespace same as SQL Loader
    AGE                             CHAR (255)
      Terminated by ";"
      Trim whitespace same as SQL Loader
    PASSPORT_CODE                   CHAR (400)
      Terminated by ";"
      Trim whitespace same as SQL Loader
    ACTIVE                          CHAR (255)
      Terminated by ";"
      Trim whitespace same as SQL Loader
    START_DATE                      CHAR (400)
      Terminated by ";"
      Trim whitespace same as SQL Loader
    END_DATE                        CHAR (400)
      Terminated by ";"
      Trim whitespace same as SQL Loader
    PASSPORT_LETTER                 CHAR (400)
      Terminated by ";"
      Trim whitespace same as SQL Loader
